Using pre-set license
Built from '2020.3/staging' branch; Version is '2020.3.25f1 (9b9180224418) revision 10195328'; Using compiler version '192528614'; Build Type 'Release'
OS: 'Windows 10  (10.0.19044) 64bit Professional' Language: 'zh' Physical Memory: 16328 MB
BatchMode: 1, IsHumanControllingUs: 0, StartBugReporterOnCrash: 0, Is64bit: 1, IsPro: 0

COMMAND LINE ARGUMENTS:
E:\Unity\UnityEditor\2020.3.25f1\Editor\Unity.exe
-adb2
-batchMode
-noUpm
-name
AssetImportWorker0
-projectPath
E:/SeniorProject_2022/SeniorProject_2022/3DProject_newScaryHouse
-logFile
Logs/AssetImportWorker0.log
-srvPort
63804
Successfully changed project path to: E:/SeniorProject_2022/SeniorProject_2022/3DProject_newScaryHouse
E:/SeniorProject_2022/SeniorProject_2022/3DProject_newScaryHouse
Using Asset Import Pipeline V2.
Refreshing native plugins compatible for Editor in 43.01 ms, found 2 plugins.
Preloading 0 native plugins for Editor in 0.00 ms.
Initialize engine version: 2020.3.25f1 (9b9180224418)
[Subsystems] Discovering subsystems at path E:/Unity/UnityEditor/2020.3.25f1/Editor/Data/Resources/UnitySubsystems
[Subsystems] Discovering subsystems at path E:/SeniorProject_2022/SeniorProject_2022/3DProject_newScaryHouse/Assets
GfxDevice: creating device client; threaded=0
Direct3D:
    Version:  Direct3D 11.0 [level 11.1]
    Renderer: NVIDIA GeForce GTX 1050 Ti (ID=0x1c82)
    Vendor:   
    VRAM:     4018 MB
    Driver:   27.21.14.5751
Initialize mono
Mono path[0] = 'E:/Unity/UnityEditor/2020.3.25f1/Editor/Data/Managed'
Mono path[1] = 'E:/Unity/UnityEditor/2020.3.25f1/Editor/Data/MonoBleedingEdge/lib/mono/unityjit'
Mono config path = 'E:/Unity/UnityEditor/2020.3.25f1/Editor/Data/MonoBleedingEdge/etc'
Using monoOptions --debugger-agent=transport=dt_socket,embedding=1,server=y,suspend=n,address=127.0.0.1:56048
Begin MonoManager ReloadAssembly
Registering precompiled unity dll's ...
Register platform support module: E:/Unity/UnityEditor/2020.3.25f1/Editor/Data/PlaybackEngines/WindowsStandaloneSupport/UnityEditor.WindowsStandalone.Extensions.dll
Registered in 0.000797 seconds.
Native extension for WindowsStandalone target not found
Refreshing native plugins compatible for Editor in 43.40 ms, found 2 plugins.
Preloading 0 native plugins for Editor in 0.00 ms.
Mono: successfully reloaded assembly
- Completed reload, in  0.472 seconds
Domain Reload Profiling:
	ReloadAssembly (472ms)
		BeginReloadAssembly (41ms)
			ExecutionOrderSort (0ms)
			DisableScriptedObjects (0ms)
			BackupInstance (0ms)
			ReleaseScriptingObjects (0ms)
			CreateAndSetChildDomain (1ms)
		EndReloadAssembly (378ms)
			LoadAssemblies (40ms)
			RebuildTransferFunctionScriptingTraits (0ms)
			SetupTypeCache (125ms)
			ReleaseScriptCaches (0ms)
			RebuildScriptCaches (26ms)
			SetupLoadedEditorAssemblies (148ms)
				LogAssemblyErrors (0ms)
				InitializePlatformSupportModulesInManaged (3ms)
				SetLoadedEditorAssemblies (0ms)
				RefreshPlugins (43ms)
				BeforeProcessingInitializeOnLoad (14ms)
				ProcessInitializeOnLoadAttributes (64ms)
				ProcessInitializeOnLoadMethodAttributes (23ms)
				AfterProcessingInitializeOnLoad (0ms)
				EditorAssembliesLoaded (0ms)
			ExecutionOrderSort2 (0ms)
			AwakeInstancesAfterBackupRestoration (0ms)
Platform modules already initialized, skipping
Registering precompiled user dll's ...
Registered in 0.002535 seconds.
Begin MonoManager ReloadAssembly
Native extension for WindowsStandalone target not found
Refreshing native plugins compatible for Editor in 44.77 ms, found 2 plugins.
Preloading 0 native plugins for Editor in 0.00 ms.
Mono: successfully reloaded assembly
- Completed reload, in  0.913 seconds
Domain Reload Profiling:
	ReloadAssembly (914ms)
		BeginReloadAssembly (112ms)
			ExecutionOrderSort (0ms)
			DisableScriptedObjects (4ms)
			BackupInstance (0ms)
			ReleaseScriptingObjects (0ms)
			CreateAndSetChildDomain (15ms)
		EndReloadAssembly (757ms)
			LoadAssemblies (69ms)
			RebuildTransferFunctionScriptingTraits (0ms)
			SetupTypeCache (262ms)
			ReleaseScriptCaches (1ms)
			RebuildScriptCaches (42ms)
			SetupLoadedEditorAssemblies (282ms)
				LogAssemblyErrors (0ms)
				InitializePlatformSupportModulesInManaged (3ms)
				SetLoadedEditorAssemblies (0ms)
				RefreshPlugins (45ms)
				BeforeProcessingInitializeOnLoad (68ms)
				ProcessInitializeOnLoadAttributes (156ms)
				ProcessInitializeOnLoadMethodAttributes (9ms)
				AfterProcessingInitializeOnLoad (2ms)
				EditorAssembliesLoaded (0ms)
			ExecutionOrderSort2 (0ms)
			AwakeInstancesAfterBackupRestoration (5ms)
Platform modules already initialized, skipping
========================================================================
Worker process is ready to serve import requests
Launched and connected shader compiler UnityShaderCompiler.exe after 0.03 seconds
Refreshing native plugins compatible for Editor in 0.48 ms, found 2 plugins.
Preloading 0 native plugins for Editor in 0.00 ms.
Unloading 2758 Unused Serialized files (Serialized files now loaded: 0)
System memory in use before: 121.1 MB.
System memory in use after: 121.3 MB.

Unloading 20 unused Assets to reduce memory usage. Loaded Objects now: 3192.
Total: 2.704200 ms (FindLiveObjects: 0.215800 ms CreateObjectMapping: 0.102600 ms MarkObjects: 2.327500 ms  DeleteObjects: 0.057700 ms)

AssetImportParameters requested are different than current active one (requested -> active):
  custom:framework-win-MediaFoundation: 216162199b28c13a410421893ffa2e32 -> 
  custom:video-decoder-ogg-theora: a1e56fd34408186e4bbccfd4996cb3dc -> 
  custom:container-muxer-webm: aa71ff27fc2769a1b78a27578f13a17b -> 
  custom:container-demuxer-webm: 4f35f7cbe854078d1ac9338744f61a02 -> 
  custom:container-demuxer-ogg: 62fdf1f143b41e24485cea50d1cbac27 -> 
  custom:video-encoder-webm-vp8: eb34c28f22e8b96e1ab97ce403110664 -> 
  custom:video-decoder-webm-vp8: 9c59270c3fd7afecdb556c50c9e8de78 -> 
  custom:audio-decoder-ogg-vorbis: bf7c407c2cedff20999df2af8eb42d56 -> 
  custom:audio-encoder-webm-vorbis: bf7c407c2cedff20999df2af8eb42d56 -> 
========================================================================
Received Import Request.
  path: Assets/FBXs/House.fbx
  artifactKey: Guid(b8ab0051241009748a942bb91703950f) Importer(815301076,1909f56bfc062723c751e8b465ee728b)
Start importing Assets/FBXs/House.fbx using Guid(b8ab0051241009748a942bb91703950f) Importer(815301076,1909f56bfc062723c751e8b465ee728b)  -> (artifact id: 'efe9906566fcc3b7f81e8035d3195b98') in 0.483065 seconds 
  Import took 0.486933 seconds .

========================================================================
Received Import Request.
  Time since last request: 3.083659 seconds.
  path: Assets/FBXs/BEA.fbx
  artifactKey: Guid(baefd9ffbb09cf142971caf62a7f2d2e) Importer(815301076,1909f56bfc062723c751e8b465ee728b)
Start importing Assets/FBXs/BEA.fbx using Guid(baefd9ffbb09cf142971caf62a7f2d2e) Importer(815301076,1909f56bfc062723c751e8b465ee728b)  -> (artifact id: '7ee882c971f15832b324482cf298e407') in 0.549384 seconds 
  Import took 0.553677 seconds .

========================================================================
Received Import Request.
  Time since last request: 3829.404919 seconds.
  path: Assets/Prefabs/BEA.prefab
  artifactKey: Guid(34a31556405543247a502f65fd3e875f) Importer(815301076,1909f56bfc062723c751e8b465ee728b)
Start importing Assets/Prefabs/BEA.prefab using Guid(34a31556405543247a502f65fd3e875f) Importer(815301076,1909f56bfc062723c751e8b465ee728b)  -> (artifact id: 'd35f75b64da7881efc0b121b521a6f4f') in 0.031111 seconds 
  Import took 0.040534 seconds .

========================================================================
Received Import Request.
  Time since last request: 67.126322 seconds.
  path: Assets/Prefabs/BEA.prefab
  artifactKey: Guid(34a31556405543247a502f65fd3e875f) Importer(815301076,1909f56bfc062723c751e8b465ee728b)
Start importing Assets/Prefabs/BEA.prefab using Guid(34a31556405543247a502f65fd3e875f) Importer(815301076,1909f56bfc062723c751e8b465ee728b)  -> (artifact id: 'd53306981a4655674fd30702b5279362') in 0.013473 seconds 
  Import took 0.018704 seconds .

========================================================================
Received Import Request.
  Time since last request: 29.538122 seconds.
  path: Assets/Prefabs/BEA.prefab
  artifactKey: Guid(34a31556405543247a502f65fd3e875f) Importer(815301076,1909f56bfc062723c751e8b465ee728b)
Start importing Assets/Prefabs/BEA.prefab using Guid(34a31556405543247a502f65fd3e875f) Importer(815301076,1909f56bfc062723c751e8b465ee728b)  -> (artifact id: '68ed7481a0bca25b2b2b60d28f46b8ba') in 0.015566 seconds 
  Import took 0.020869 seconds .

========================================================================
Received Import Request.
  Time since last request: 13.415211 seconds.
  path: Assets/Prefabs/BEA.prefab
  artifactKey: Guid(34a31556405543247a502f65fd3e875f) Importer(815301076,1909f56bfc062723c751e8b465ee728b)
Start importing Assets/Prefabs/BEA.prefab using Guid(34a31556405543247a502f65fd3e875f) Importer(815301076,1909f56bfc062723c751e8b465ee728b)  -> (artifact id: '6374e2b0efa01c3694ac595532b630db') in 0.010972 seconds 
  Import took 0.016352 seconds .

========================================================================
Received Import Request.
  Time since last request: 17.927892 seconds.
  path: Assets/Prefabs/BEA.prefab
  artifactKey: Guid(34a31556405543247a502f65fd3e875f) Importer(815301076,1909f56bfc062723c751e8b465ee728b)
Start importing Assets/Prefabs/BEA.prefab using Guid(34a31556405543247a502f65fd3e875f) Importer(815301076,1909f56bfc062723c751e8b465ee728b)  -> (artifact id: '60f4f1255e8643a9fba9d99408d7dba1') in 0.021704 seconds 
  Import took 0.027056 seconds .

========================================================================
Received Import Request.
  Time since last request: 1.978617 seconds.
  path: Assets/Prefabs/BEA.prefab
  artifactKey: Guid(34a31556405543247a502f65fd3e875f) Importer(815301076,1909f56bfc062723c751e8b465ee728b)
Start importing Assets/Prefabs/BEA.prefab using Guid(34a31556405543247a502f65fd3e875f) Importer(815301076,1909f56bfc062723c751e8b465ee728b)  -> (artifact id: 'eebd66e0c3a298bf61434bdcaface83f') in 0.009834 seconds 
  Import took 0.015087 seconds .

========================================================================
Received Import Request.
  Time since last request: 2.198151 seconds.
  path: Assets/Prefabs/BEA.prefab
  artifactKey: Guid(34a31556405543247a502f65fd3e875f) Importer(815301076,1909f56bfc062723c751e8b465ee728b)
Start importing Assets/Prefabs/BEA.prefab using Guid(34a31556405543247a502f65fd3e875f) Importer(815301076,1909f56bfc062723c751e8b465ee728b)  -> (artifact id: 'a8dd3af45e341976605289d025ad0ec6') in 0.010097 seconds 
  Import took 0.015856 seconds .

========================================================================
Received Import Request.
  Time since last request: 2.000061 seconds.
  path: Assets/Prefabs/BEA.prefab
  artifactKey: Guid(34a31556405543247a502f65fd3e875f) Importer(815301076,1909f56bfc062723c751e8b465ee728b)
Start importing Assets/Prefabs/BEA.prefab using Guid(34a31556405543247a502f65fd3e875f) Importer(815301076,1909f56bfc062723c751e8b465ee728b)  -> (artifact id: 'e00fe11f0f93a1e39273ba18dc20efc7') in 0.009984 seconds 
  Import took 0.014657 seconds .

========================================================================
Received Import Request.
  Time since last request: 4.234685 seconds.
  path: Assets/Prefabs/BEA.prefab
  artifactKey: Guid(34a31556405543247a502f65fd3e875f) Importer(815301076,1909f56bfc062723c751e8b465ee728b)
Start importing Assets/Prefabs/BEA.prefab using Guid(34a31556405543247a502f65fd3e875f) Importer(815301076,1909f56bfc062723c751e8b465ee728b)  -> (artifact id: 'ad61228b8bd6b0c21477cf6715c970ec') in 0.015087 seconds 
  Import took 0.020849 seconds .

========================================================================
Received Import Request.
  Time since last request: 3.010619 seconds.
  path: Assets/Prefabs/BEA.prefab
  artifactKey: Guid(34a31556405543247a502f65fd3e875f) Importer(815301076,1909f56bfc062723c751e8b465ee728b)
Start importing Assets/Prefabs/BEA.prefab using Guid(34a31556405543247a502f65fd3e875f) Importer(815301076,1909f56bfc062723c751e8b465ee728b)  -> (artifact id: 'a71db4a4a426ffe23045bfe582b8bc67') in 0.014849 seconds 
  Import took 0.020061 seconds .

========================================================================
Received Import Request.
  Time since last request: 4.607574 seconds.
  path: Assets/Prefabs/BEA.prefab
  artifactKey: Guid(34a31556405543247a502f65fd3e875f) Importer(815301076,1909f56bfc062723c751e8b465ee728b)
Start importing Assets/Prefabs/BEA.prefab using Guid(34a31556405543247a502f65fd3e875f) Importer(815301076,1909f56bfc062723c751e8b465ee728b)  -> (artifact id: '15444339104cd735aabf5f2d2e4bce05') in 0.019414 seconds 
  Import took 0.025249 seconds .

========================================================================
Received Import Request.
  Time since last request: 40.226330 seconds.
  path: Assets/Prefabs/BEA.prefab
  artifactKey: Guid(34a31556405543247a502f65fd3e875f) Importer(815301076,1909f56bfc062723c751e8b465ee728b)
Start importing Assets/Prefabs/BEA.prefab using Guid(34a31556405543247a502f65fd3e875f) Importer(815301076,1909f56bfc062723c751e8b465ee728b)  -> (artifact id: 'be74cfb01a73f46c088f374bceba29b9') in 0.011204 seconds 
  Import took 0.016330 seconds .

========================================================================
Received Prepare
Registering precompiled user dll's ...
Registered in 0.002489 seconds.
Begin MonoManager ReloadAssembly
Native extension for WindowsStandalone target not found
Refreshing native plugins compatible for Editor in 0.49 ms, found 2 plugins.
Preloading 0 native plugins for Editor in 0.00 ms.
Mono: successfully reloaded assembly
- Completed reload, in  0.841 seconds
Domain Reload Profiling:
	ReloadAssembly (841ms)
		BeginReloadAssembly (110ms)
			ExecutionOrderSort (0ms)
			DisableScriptedObjects (4ms)
			BackupInstance (0ms)
			ReleaseScriptingObjects (0ms)
			CreateAndSetChildDomain (43ms)
		EndReloadAssembly (685ms)
			LoadAssemblies (74ms)
			RebuildTransferFunctionScriptingTraits (0ms)
			SetupTypeCache (265ms)
			ReleaseScriptCaches (1ms)
			RebuildScriptCaches (34ms)
			SetupLoadedEditorAssemblies (235ms)
				LogAssemblyErrors (0ms)
				InitializePlatformSupportModulesInManaged (3ms)
				SetLoadedEditorAssemblies (0ms)
				RefreshPlugins (1ms)
				BeforeProcessingInitializeOnLoad (68ms)
				ProcessInitializeOnLoadAttributes (154ms)
				ProcessInitializeOnLoadMethodAttributes (7ms)
				AfterProcessingInitializeOnLoad (2ms)
				EditorAssembliesLoaded (0ms)
			ExecutionOrderSort2 (0ms)
			AwakeInstancesAfterBackupRestoration (5ms)
Platform modules already initialized, skipping
Refreshing native plugins compatible for Editor in 0.48 ms, found 2 plugins.
Preloading 0 native plugins for Editor in 0.00 ms.
Unloading 2697 Unused Serialized files (Serialized files now loaded: 0)
System memory in use before: 119.2 MB.
System memory in use after: 119.4 MB.

Unloading 16 unused Assets to reduce memory usage. Loaded Objects now: 3237.
Total: 2.715100 ms (FindLiveObjects: 0.214400 ms CreateObjectMapping: 0.113300 ms MarkObjects: 2.369000 ms  DeleteObjects: 0.017600 ms)

AssetImportParameters requested are different than current active one (requested -> active):
  custom:framework-win-MediaFoundation: 216162199b28c13a410421893ffa2e32 -> 
  custom:video-decoder-ogg-theora: a1e56fd34408186e4bbccfd4996cb3dc -> 
  custom:container-muxer-webm: aa71ff27fc2769a1b78a27578f13a17b -> 
  custom:container-demuxer-webm: 4f35f7cbe854078d1ac9338744f61a02 -> 
  custom:container-demuxer-ogg: 62fdf1f143b41e24485cea50d1cbac27 -> 
  custom:video-encoder-webm-vp8: eb34c28f22e8b96e1ab97ce403110664 -> 
  custom:video-decoder-webm-vp8: 9c59270c3fd7afecdb556c50c9e8de78 -> 
  custom:audio-decoder-ogg-vorbis: bf7c407c2cedff20999df2af8eb42d56 -> 
  custom:audio-encoder-webm-vorbis: bf7c407c2cedff20999df2af8eb42d56 -> 
========================================================================
Received Prepare
Registering precompiled user dll's ...
Registered in 0.002438 seconds.
Begin MonoManager ReloadAssembly
Native extension for WindowsStandalone target not found
Refreshing native plugins compatible for Editor in 0.50 ms, found 2 plugins.
Preloading 0 native plugins for Editor in 0.00 ms.
Mono: successfully reloaded assembly
- Completed reload, in  0.810 seconds
Domain Reload Profiling:
	ReloadAssembly (810ms)
		BeginReloadAssembly (92ms)
			ExecutionOrderSort (0ms)
			DisableScriptedObjects (4ms)
			BackupInstance (0ms)
			ReleaseScriptingObjects (0ms)
			CreateAndSetChildDomain (29ms)
		EndReloadAssembly (672ms)
			LoadAssemblies (69ms)
			RebuildTransferFunctionScriptingTraits (0ms)
			SetupTypeCache (255ms)
			ReleaseScriptCaches (1ms)
			RebuildScriptCaches (34ms)
			SetupLoadedEditorAssemblies (238ms)
				LogAssemblyErrors (0ms)
				InitializePlatformSupportModulesInManaged (3ms)
				SetLoadedEditorAssemblies (0ms)
				RefreshPlugins (1ms)
				BeforeProcessingInitializeOnLoad (68ms)
				ProcessInitializeOnLoadAttributes (156ms)
				ProcessInitializeOnLoadMethodAttributes (7ms)
				AfterProcessingInitializeOnLoad (2ms)
				EditorAssembliesLoaded (0ms)
			ExecutionOrderSort2 (0ms)
			AwakeInstancesAfterBackupRestoration (5ms)
Platform modules already initialized, skipping
Refreshing native plugins compatible for Editor in 0.53 ms, found 2 plugins.
Preloading 0 native plugins for Editor in 0.00 ms.
Unloading 2697 Unused Serialized files (Serialized files now loaded: 0)
System memory in use before: 119.2 MB.
System memory in use after: 119.4 MB.

Unloading 15 unused Assets to reduce memory usage. Loaded Objects now: 3239.
Total: 2.727100 ms (FindLiveObjects: 0.193300 ms CreateObjectMapping: 0.094500 ms MarkObjects: 2.423800 ms  DeleteObjects: 0.014400 ms)

AssetImportParameters requested are different than current active one (requested -> active):
  custom:framework-win-MediaFoundation: 216162199b28c13a410421893ffa2e32 -> 
  custom:video-decoder-ogg-theora: a1e56fd34408186e4bbccfd4996cb3dc -> 
  custom:container-muxer-webm: aa71ff27fc2769a1b78a27578f13a17b -> 
  custom:container-demuxer-webm: 4f35f7cbe854078d1ac9338744f61a02 -> 
  custom:container-demuxer-ogg: 62fdf1f143b41e24485cea50d1cbac27 -> 
  custom:video-encoder-webm-vp8: eb34c28f22e8b96e1ab97ce403110664 -> 
  custom:video-decoder-webm-vp8: 9c59270c3fd7afecdb556c50c9e8de78 -> 
  custom:audio-decoder-ogg-vorbis: bf7c407c2cedff20999df2af8eb42d56 -> 
  custom:audio-encoder-webm-vorbis: bf7c407c2cedff20999df2af8eb42d56 -> 
AssetImportWorkerClient::OnTransportError - code=2 error=End of file
